UnityApplication/Library/Bee/Android/Prj/Mono2x/Gradle/unityLibrary/Android.androidlib/build/intermediates/manifest_merge_blame_file/release/manifest-merger-blame-release-report.txt
1<?xml version="1.0" encoding="utf-8"?>
2<manifest xmlns:android="http://schemas.android.com/apk/res/android"
3    xmlns:tools="http://schemas.android.com/tools"
4    package="com.nest.NFCManifest"
5    android:installLocation="preferExternal"
6    android:versionCode="1"
7    android:versionName="1.0" >
8
9    <uses-sdk
10        android:minSdkVersion="1"
10-->unityLibrary\Android.androidlib\AndroidManifest.xml
11        android:targetSdkVersion="22" />
11-->unityLibrary\Android.androidlib\AndroidManifest.xml
12
13    <uses-permission android:name="android.permission.NFC" />
13-->unityLibrary\Android.androidlib\AndroidManifest.xml:10:5-62
13-->unityLibrary\Android.androidlib\AndroidManifest.xml:10:22-59
14
15    <uses-feature
15-->unityLibrary\Android.androidlib\AndroidManifest.xml:12:5-14:33
16        android:name="android.hardware.nfc"
16-->unityLibrary\Android.androidlib\AndroidManifest.xml:13:7-42
17        android:required="true" />
17-->unityLibrary\Android.androidlib\AndroidManifest.xml:14:7-30
18
19    <supports-screens
19-->unityLibrary\Android.androidlib\AndroidManifest.xml:16:5-21:36
20        android:anyDensity="true"
20-->unityLibrary\Android.androidlib\AndroidManifest.xml:21:9-34
21        android:largeScreens="true"
21-->unityLibrary\Android.androidlib\AndroidManifest.xml:19:9-36
22        android:normalScreens="true"
22-->unityLibrary\Android.androidlib\AndroidManifest.xml:18:9-37
23        android:smallScreens="true"
23-->unityLibrary\Android.androidlib\AndroidManifest.xml:17:9-36
24        android:xlargeScreens="true" />
24-->unityLibrary\Android.androidlib\AndroidManifest.xml:20:9-37
25
26    <application
26-->unityLibrary\Android.androidlib\AndroidManifest.xml:23:2-40:19
27        android:label="@string/app_name"
27-->unityLibrary\Android.androidlib\AndroidManifest.xml:25:9-41
28        android:theme="@style/UnityThemeSelector" >
28-->unityLibrary\Android.androidlib\AndroidManifest.xml:24:9-50
29        <activity
29-->unityLibrary\Android.androidlib\AndroidManifest.xml:26:9-39:20
30            android:name="com.unity3d.player.UnityPlayerActivity"
30-->unityLibrary\Android.androidlib\AndroidManifest.xml:26:19-72
31            android:label="@string/app_name" >
31-->unityLibrary\Android.androidlib\AndroidManifest.xml:27:19-51
32            <intent-filter>
32-->unityLibrary\Android.androidlib\AndroidManifest.xml:28:13-31:29
33                <action android:name="android.intent.action.MAIN" />
33-->unityLibrary\Android.androidlib\AndroidManifest.xml:29:17-69
33-->unityLibrary\Android.androidlib\AndroidManifest.xml:29:25-66
34
35                <category android:name="android.intent.category.LAUNCHER" />
35-->unityLibrary\Android.androidlib\AndroidManifest.xml:30:17-77
35-->unityLibrary\Android.androidlib\AndroidManifest.xml:30:27-74
36            </intent-filter>
37            <intent-filter>
37-->unityLibrary\Android.androidlib\AndroidManifest.xml:32:4-37:29
38                <action android:name="android.nfc.action.NDEF_DISCOVERED" />
38-->unityLibrary\Android.androidlib\AndroidManifest.xml:33:17-77
38-->unityLibrary\Android.androidlib\AndroidManifest.xml:33:25-74
39                <action android:name="android.nfc.action.TECH_DISCOVERED" />
39-->unityLibrary\Android.androidlib\AndroidManifest.xml:34:17-77
39-->unityLibrary\Android.androidlib\AndroidManifest.xml:34:25-74
40                <action android:name="android.nfc.action.TAG_DISCOVERED" />
40-->unityLibrary\Android.androidlib\AndroidManifest.xml:35:17-76
40-->unityLibrary\Android.androidlib\AndroidManifest.xml:35:25-73
41
42                <category android:name="android.intent.category.DEFAULT" />
42-->unityLibrary\Android.androidlib\AndroidManifest.xml:36:17-76
42-->unityLibrary\Android.androidlib\AndroidManifest.xml:36:27-73
43            </intent-filter>
44
45            <meta-data
45-->unityLibrary\Android.androidlib\AndroidManifest.xml:38:13-137
46                android:name="android.nfc.action.TECH_DISCOVERED"
46-->unityLibrary\Android.androidlib\AndroidManifest.xml:38:24-73
47                android:resource="@xml/nfc_tech_filter"
47-->unityLibrary\Android.androidlib\AndroidManifest.xml:38:74-113
48                android:value="true" />
48-->unityLibrary\Android.androidlib\AndroidManifest.xml:38:114-134
49        </activity>
50    </application>
51
52</manifest>